#
# A fatal error has been detected by the Java Runtime Environment:
#
#  EXCEPTION_ILLEGAL_INSTRUCTION (0xc000001d) at pc=0x00000239716e81e5, pid=3356, tid=264
#
# JRE version: Java(TM) SE Runtime Environment (15.0.2+7) (build 15.0.2+7-27)
# Java VM: Java HotSpot(TM) 64-Bit Server VM (15.0.2+7-27, mixed mode, sharing, tiered, compressed oops, g1 gc, windows-amd64)
# Problematic frame:
# J 2276 c1 sun.java2d.windows.GDIWindowSurfaceData.validatePipe(Lsun/java2d/SunGraphics2D;)V java.desktop@15.0.2 (265 bytes) @ 0x00000239716e81e5 [0x00000239716e81e0+0x0000000000000005]
#
# No core dump will be written. Minidumps are not enabled by default on client versions of Windows
#
# If you would like to submit a bug report, please visit:
#   https://bugreport.java.com/bugreport/crash.jsp
#

---------------  S U M M A R Y ------------

Command Line: -Dfile.encoding=Cp1252 -XX:+ShowCodeDetailsInExceptionMessages Visitor.management.system.AddVisitor

Host: Intel(R) Core(TM) i3-7020U CPU @ 2.30GHz, 4 cores, 3G,  Windows 10 , 64 bit Build 19041 (10.0.19041.1645)
Time: Wed Jun  8 23:33:45 2022 India Standard Time elapsed time: 132.679138 seconds (0d 0h 2m 12s)

---------------  T H R E A D  ---------------

Current thread (0x000002390605de90):  JavaThread "AWT-EventQueue-0" [_thread_in_Java, id=264, stack(0x00000084f9c00000,0x00000084f9d00000)]

Stack: [0x00000084f9c00000,0x00000084f9d00000],  sp=0x00000084f9cfe3f8,  free space=1016k
Native frames: (J=compiled Java code, j=interpreted, Vv=VM code, C=native code)
C  0x00000239716e81e5


siginfo: EXCEPTION_ILLEGAL_INSTRUCTION (0xc000001d)


Register to memory mapping:

RIP=0x00000239716e81e5 is at entry_point+5 in (nmethod*)0x00000239716e7f90
RAX=0x0000000800c95990 is a pointer to class: 
sun.java2d.windows.GDIWindowSurfaceData {0x0000000800c95998}
RBX=0x00000000c50cfa60 is pointing into object: java.security.AccessControlContext 
{0x00000000c50cfa40} - klass: 'java/security/AccessControlContext'
RCX=0x0 is NULL
RDX=0x00000000c2f14560 is an oop: sun.java2d.windows.GDIWindowSurfaceData 
{0x00000000c2f14560} - klass: 'sun/java2d/windows/GDIWindowSurfaceData'
RSP=0x00000084f9cfe3f8 is pointing into the stack for thread: 0x000002390605de90
RBP=0x00000084f9cff290 is pointing into the stack for thread: 0x000002390605de90
RSI=0x0 is NULL
RDI=0x0 is NULL
R8 =0x00000000c50cfd60 is an oop: sun.java2d.SunGraphics2D 
{0x00000000c50cfd60} - klass: 'sun/java2d/SunGraphics2D'
R9 =0x00000000c2f14030 is an oop: sun.awt.image.SunVolatileImage 
{0x00000000c2f14030} - klass: 'sun/awt/image/SunVolatileImage'
R10=0x0000000800000000 is pointing into metadata
R11=0x00000000000016b9 is an unknown value
R12=0x0 is NULL
R13=0x0000000800b8a750 is a pointer to class: 
sun.awt.image.SunVolatileImage {0x0000000800b8a758}
R14=0x00000000c50cfee8 is an oop: sun.java2d.pipe.Region 
{0x00000000c50cfee8} - klass: 'sun/java2d/pipe/Region'
R15=0x000002390605de90 is a thread


Registers:
RAX=0x0000000800c95990, RBX=0x00000000c50cfa60, RCX=0x0000000000000000, RDX=0x00000000c2f14560
RSP=0x00000084f9cfe3f8, RBP=0x00000084f9cff290, RSI=0x0000000000000000, RDI=0x0000000000000000
R8 =0x00000000c50cfd60, R9 =0x00000000c2f14030, R10=0x0000000800000000, R11=0x00000000000016b9
R12=0x0000000000000000, R13=0x0000000800b8a750, R14=0x00000000c50cfee8, R15=0x000002390605de90
RIP=0x00000239716e81e5, EFLAGS=0x0000000000010297

Top of Stack: (sp=0x00000084f9cfe3f8)
0x00000084f9cfe3f8:   00000239716e571c 0000027d00000337
0x00000084f9cfe408:   00000000c2f150a8 4067600000000000
0x00000084f9cfe418:   4063e00000000000 00000000c50d00d8
0x00000084f9cfe428:   00000000c1f8b5c8 00000084f9cff290
0x00000084f9cfe438:   000002397171ad5c 0000009f00000000
0x00000084f9cfe448:   0000000071604234 00000000c1f8b5c8
0x00000084f9cfe458:   0000000000000001 00000000c1f0bac8
0x00000084f9cfe468:   00000000c2f13e90 3ff0000000000000
0x00000084f9cfe478:   00000000c50cffe0 00000000c50cfd60
0x00000084f9cfe488:   00000000c2f14030 0000000000000000
0x00000084f9cfe498:   0000000000000000 00000000c1f865b0
0x00000084f9cfe4a8:   0000000000000000 00000084f9cff290
0x00000084f9cfe4b8:   00000239716599cc 00000000c2f13e90
0x00000084f9cfe4c8:   0000009e00000000 0000000000000337
0x00000084f9cfe4d8:   000000000000027d 0000000000000000
0x00000084f9cfe4e8:   00000000c2f13e90 0000000000000000 

Instructions: (pc=0x00000239716e81e5)
0x00000239716e80e5:   ff ff ff ff ff ff ff 00 00 00 00 18 60 19 c0 2f
0x00000239716e80f5:   c0 3d c0 3d c0 39 c0 3d c0 39 c0 26 34 05 c0 23
0x00000239716e8105:   c0 93 10 0e 10 1e c0 18 c0 19 34 09 c0 cd 10 0e
0x00000239716e8115:   10 1e c0 23 10 0e 10 36 10 0e 10 1e c0 23 10 0e
0x00000239716e8125:   10 1e c0 1e 10 0e 10 25 c0 36 10 62 c0 1c c0 36
0x00000239716e8135:   10 68 c0 15 10 62 10 41 c0 3b c0 0a c0 19 c0 2f
0x00000239716e8145:   c0 3d c0 3b c0 24 34 44 c0 1d b0 07 c0 18 34 11
0x00000239716e8155:   b0 04 c0 17 64 0a 64 17 64 18 64 0a 64 17 64 18
0x00000239716e8165:   64 1c 64 18 64 1c 64 18 64 1c 64 18 64 1c 64 18
0x00000239716e8175:   64 1c 64 18 64 1c 64 18 64 1c 64 18 64 1c 64 18
0x00000239716e8185:   64 1c 64 18 64 1c 64 18 64 1c 64 18 64 0a c0 17
0x00000239716e8195:   64 1c 64 18 64 3a 64 08 00 01 f8 51 fe 05 50 00
0x00000239716e81a5:   c0 0a 64 01 f8 39 1c 01 04 84 00 00 0f 80 be 07
0x00000239716e81b5:   60 00 00 10 00 00 00 00 00 00 66 00 23 11 00 00
0x00000239716e81c5:   00 09 00 e0 08 00 00 03 11 11 01 02 03 04 05 06
0x00000239716e81d5:   07 08 09 0a 0b 0c 0d 00 00 00 00 80 00 00 00 ff
0x00000239716e81e5:   ff ff ff ff ff e0 0e e4 26 7a 1b e0 0e e4 26 7a
0x00000239716e81f5:   1b e0 7b a7 91 fa ee 12 00 00 00 64 00 11 14 00
0x00000239716e8205:   06 63 6f 6d 65 64 79 01 08 8c 12 98 24 b0 48 60
0x00000239716e8215:   6c 03 01 09 07 06 49 4e 20 01 0b 14 23 02 0e 00
0x00000239716e8225:   46 05 f3 c0 01 00 00 05 04 01 02 00 3e 30 14 01
0x00000239716e8235:   00 00 0f ac 04 01 00 00 0f ac 04 01 00 00 0f ac
0x00000239716e8245:   02 00 00 dd 27 00 50 f2 04 10 4a 00 01 10 10 44
0x00000239716e8255:   00 01 02 10 47 00 10 bc 32 9e 00 1d d8 11 b2 86
0x00000239716e8265:   01 e0 0e e4 26 7a 1b 10 3c 00 01 01 2d 1a ac 01
0x00000239716e8275:   17 ff ff 00 00 00 00 00 00 00 00 00 00 00 00 00
0x00000239716e8285:   00 00 00 00 00 00 00 00 3d 16 09 00 07 00 00 00
0x00000239716e8295:   00 00 00 00 00 00 00 00 00 00 00 00 00 00 00 00
0x00000239716e82a5:   7f 08 01 00 08 80 00 00 00 00 dd 18 00 50 f2 02
0x00000239716e82b5:   01 01 00 00 03 a4 00 00 27 a4 00 00 42 43 5e 00
0x00000239716e82c5:   62 32 2f 00 20 01 00 dd 07 00 0c 43 00 00 00 00
0x00000239716e82d5:   dd 21 00 0c e7 00 00 00 00 bf 0c b1 01 c0 33 2a 


Stack slot to memory mapping:
stack at sp + 0 slots: 0x00000239716e571c is at entry_point+540 in (nmethod*)0x00000239716e5310
stack at sp + 1 slots: 0x0000027d00000337 is an unknown value
stack at sp + 2 slots: 0x00000000c2f150a8 is an oop: sun.awt.image.BufImgSurfaceData 
{0x00000000c2f150a8} - klass: 'sun/awt/image/BufImgSurfaceData'
stack at sp + 3 slots: 0x4067600000000000 is an unknown value
stack at sp + 4 slots: 0x4063e00000000000 is an unknown value
stack at sp + 5 slots: 0x00000000c50d00d8 is an oop: sun.java2d.SunGraphics2D 
{0x00000000c50d00d8} - klass: 'sun/java2d/SunGraphics2D'
stack at sp + 6 slots: 0x00000000c1f8b5c8 is an oop: sun.awt.AppContext 
{0x00000000c1f8b5c8} - klass: 'sun/awt/AppContext'
stack at sp + 7 slots: 0x00000084f9cff290 is pointing into the stack for thread: 0x000002390605de90

--------------------------------------------------------------------------------
[Constant Pool (empty)]

--------------------------------------------------------------------------------

[MachCode]
  0x00000239716e81e0: 8000 0000 | ffff ffff | ffff e00e | e426 7a1b | e00e e426 | 7a1b e07b | a791 faee | 1200 0000 
  0x00000239716e8200: 6400 1114 | 0006 636f | 6d65 6479 | 0108 8c12 | 9824 b048 | 606c 0301 | 0907 0649 | 4e20 010b 
  0x00000239716e8220: 1423 020e | 0046 05f3 | c001 0000 | 0504 0102 | 003e 3014 | 0100 000f | ac04 0100 | 000f ac04 
  0x00000239716e8240: 0100 000f | ac02 0000 | dd27 0050 | f204 104a | 0001 1010 | 4400 0102 | 1047 0010 | bc32 9e00 
  0x00000239716e8260: 1dd8 11b2 | 8601 e00e | e426 7a1b | 103c 0001 | 012d 1aac | 0117 ffff | 0000 0000 | 0000 0000 
  0x00000239716e8280: 0000 0000 | 0000 0000 | 0000 0000 | 003d 1609 | 0007 0000 | 0000 0000 | 0000 0000 | 0000 0000 
  0x00000239716e82a0: 0000 0000 | 007f 0801 | 0008 8000 | 0000 00dd | 1800 50f2 | 0201 0100 | 0003 a400 | 0027 a400 
  0x00000239716e82c0: 0042 435e | 0062 322f | 0020 0100 | dd07 000c | 4300 0000 | 00dd 2100 | 0ce7 0000 | 0000 bf0c 
  0x00000239716e82e0: b101 c033 | 2aff 9204 | 2aff 9204 | c005 0000 | 002a ffc3 | 0301 0202 | 23eb 4ed4 | 0301 02a8 
  0x00000239716e8300: 0100 0000 | 0000 000f | 850a 0000 | 0048 bfb8 | 0100 0000 | 0000 0048 | 8b1c 3e48 | 8d5b 0148 
  0x00000239716e8320: 891c 3e0f | 854b 0700 | 0041 8b70 | 2483 fe02 | 48be 4809 | 0d0b 3902 | 0000 48bf | c801 0000 
  0x00000239716e8340: 0000 0000 | 0f85 0a00 | 0000 48bf | d801 0000 | 0000 0000 | 488b 1c3e | 488d 5b01 | 4889 1c3e 
  0x00000239716e8360: 0f85 4800 | 0000 488b | f248 bf48 | 090d 0b39 | 0200 0048 | 8387 e801 | 0000 0149 | 8bf0 4c8b 
  0x00000239716e8380: c648 8bfa | 488b d748 | 897c 2440 | 6666 90e8 | 6c43 68ff | 48ba 4809 | 0d0b 3902 | 0000 ff82 
  0x00000239716e83a0: f801 0000 | 4c8b 4424 | 38e9 ed02 | 0000 4889 | 5424 4041 | 8b50 3848 | be48 090d | 0b39 0200 
  0x00000239716e83c0: 0048 bf18 | 0200 0000 | 0000 0083 | fa00 488b | df48 bf28 | 0200 0000 | 0000 0048 | 0f45 fb83 
  0x00000239716e83e0: fa01 488b | df48 bf38 | 0200 0000 | 0000 0048 | 0f45 fb83 | fa02 488b | df48 bf48 | 0200 0000 
  0x00000239716e8400: 0000 0048 | 0f45 fb48 | 8b1c 3e49 | ba01 0000 | 0000 0000 | 0049 03da | 4889 1c3e | 83fa 000f 
  0x00000239716e8420: 8417 0000 | 0083 fa01 | 0f84 0e00 | 0000 83fa | 020f 841a | 0200 00e9 | 4f00 0000 | 410f be57 
  0x00000239716e8440: 3083 fa00 | 0f85 8006 | 0000 49ba | c0b7 38c2 | 0000 0000 | 4589 5074 | 48ba c0b7 | 38c2 0000 
  0x00000239716e8460: 0000 498b | f048 33f2 | 48c1 ee14 | 4883 fe00 | 0f85 7006 | 0000 48ba | 4809 0d0b | 3902 0000 
  0x00000239716e8480: ff82 6002 | 0000 e910 | 0200 0049 | 8bd0 48be | 4809 0d0b | 3902 0000 | 4883 8690 | 0200 0001 
  0x00000239716e84a0: 498b d00f | 1f40 00e8 | 5442 68ff | 448b 4018 | 48ba 4809 | 0d0b 3902 | 0000 48be | d002 0000 
  0x00000239716e84c0: 0000 0000 | 4183 f802 | 488b fe48 | bee0 0200 | 0000 0000 | 0048 0f45 | f741 83f8 | 0348 8bfe 
  0x00000239716e84e0: 48be f002 | 0000 0000 | 0000 480f | 45f7 4183 | f804 488b | fe48 be00 | 0300 0000 | 0000 0048 
  0x00000239716e8500: 0f45 f741 | 83f8 0548 | 8bfe 48be | 1003 0000 | 0000 0000 | 480f 45f7 | 4183 f806 | 488b fe48 
  0x00000239716e8520: be20 0300 | 0000 0000 | 0048 0f45 | f748 8b3c | 3249 ba01 | 0000 0000 | 0000 0049 | 03fa 4889 
  0x00000239716e8540: 3c32 4183 | f802 0f84 | b100 0000 | 4183 f804 | 0f84 1400 | 0000 4183 | f806 0f84 | 0a00 0000 
  0x00000239716e8560: 4c8b 4424 | 38e9 5400 | 0000 4c8b | 4424 3841 | 0fbe 5730 | 83fa 000f | 8586 0500 | 0049 bad0 
  0x00000239716e8580: 3c38 c200 | 0000 0045 | 8950 7448 | bad0 3c38 | c200 0000 | 0049 8bf0 | 4833 f248 | c1ee 1448 
  0x00000239716e85a0: 83fe 000f | 8576 0500 | 0048 ba48 | 090d 0b39 | 0200 00ff | 8238 0300 | 00e9 dd00 | 0000 410f 
  0x00000239716e85c0: be57 3083 | fa00 0f85 | 6b05 0000 | 49ba c0b7 | 38c2 0000 | 0000 4589 | 5074 48ba | c0b7 38c2 
  0x00000239716e85e0: 0000 0000 | 498b f048 | 33f2 48c1 | ee14 4883 | fe00 0f85 | 5b05 0000 | e99e 0000 | 004c 8b44 
  0x00000239716e8600: 2438 410f | be57 3083 | fa00 0f85 | 5b05 0000 | 49ba 1857 | 39c2 0000 | 0000 4589 | 5074 48ba 
  0x00000239716e8620: 1857 39c2 | 0000 0000 | 498b f048 | 33f2 48c1 | ee14 4883 | fe00 0f85 | 4b05 0000 | 48ba 4809 
  0x00000239716e8640: 0d0b 3902 | 0000 ff82 | 5003 0000 | e94a 0000 | 0041 0fbe | 5730 83fa | 000f 8540 | 0500 0049 
  0x00000239716e8660: ba18 5739 | c200 0000 | 0045 8950 | 7448 ba18 | 5739 c200 | 0000 0049 | 8bf0 4833 | f248 c1ee 
  0x00000239716e8680: 1448 83fe | 000f 8530 | 0500 0048 | ba48 090d | 0b39 0200 | 00ff 8278 | 0200 0041 | 0fbe 5730 
  0x00000239716e86a0: 83fa 000f | 852a 0500 | 0049 bae0 | 3d38 c200 | 0000 0045 | 8950 6c48 | bae0 3d38 | c200 0000 
  0x00000239716e86c0: 0049 8bf0 | 4833 f248 | c1ee 1448 | 83fe 000f | 851a 0500 | 0041 8b50 | 2083 fa03 | 48ba 4809 
  0x00000239716e86e0: 0d0b 3902 | 0000 48be | 6803 0000 | 0000 0000 | 0f8c 0a00 | 0000 48be | 7803 0000 | 0000 0000 
  0x00000239716e8700: 488b 3c32 | 488d 7f01 | 4889 3c32 | 0f8c 7700 | 0000 48ba | b0c0 fbc2 | 0000 0000 | 8b92 8c00 
  0x00000239716e8720: 0000 410f | be77 3083 | fe00 0f85 | d704 0000 | 4c8b d245 | 8950 6449 | 8bf0 4833 | f248 c1ee 
  0x00000239716e8740: 1448 83fe | 000f 85d8 | 0400 0041 | 0fbe 7730 | 83fe 000f | 85e2 0400 | 004c 8bd2 | 4589 5068 
  0x00000239716e8760: 498b f048 | 33f2 48c1 | ee14 4883 | fe00 0f85 | e304 0000 | 48ba 4809 | 0d0b 3902 | 0000 ff82 
  0x00000239716e8780: 8803 0000 | e91c 0100 | 0041 8b50 | 1c83 fa00 | 48ba 4809 | 0d0b 3902 | 0000 48be | a003 0000 
  0x00000239716e87a0: 0000 0000 | 0f84 0a00 | 0000 48be | b003 0000 | 0000 0000 | 488b 3c32 | 488d 7f01 | 4889 3c32 
  0x00000239716e87c0: 0f84 7d00 | 0000 48ba | b0c0 fbc2 | 0000 0000 | 8bb2 8c00 | 0000 410f | be7f 3083 | ff00 0f85 
  0x00000239716e87e0: 8b04 0000 | 4c8b d645 | 8950 6449 | 8bf8 4833 | fe48 c1ef | 1448 83ff | 000f 858c | 0400 008b 
  0x00000239716e8800: 9288 0000 | 0041 0fbe | 7730 83fe | 000f 8590 | 0400 004c | 8bd2 4589 | 5068 498b | f048 33f2 
  0x00000239716e8820: 48c1 ee14 | 4883 fe00 | 0f85 9104 | 0000 48ba | 4809 0d0b | 3902 0000 | ff82 c003 | 0000 e962 
  0x00000239716e8840: 0000 0048 | bab0 c0fb | c200 0000 | 008b 9288 | 0000 0041 | 0fbe 7730 | 83fe 000f | 8576 0400 
  0x00000239716e8860: 004c 8bd2 | 4589 5064 | 498b f048 | 33f2 48c1 | ee14 4883 | fe00 0f85 | 7704 0000 | 410f be77 
  0x00000239716e8880: 3083 fe00 | 0f85 8104 | 0000 4c8b | d245 8950 | 6849 8bf0 | 4833 f248 | c1ee 1448 | 83fe 000f 
  0x00000239716e88a0: 8582 0400 | 0048 bab0 | c0fb c200 | 0000 008b | 9288 0000 | 0041 0fbe | 7730 83fe | 000f 857c 
  0x00000239716e88c0: 0400 004c | 8bd2 4589 | 5070 498b | f048 33f2 | 48c1 ee14 | 4883 fe00 | 0f85 7d04 | 0000 418b 
  0x00000239716e88e0: 507c 4883 | fa00 48ba | 4809 0d0b | 3902 0000 | 48be d803 | 0000 0000 | 0000 0f85 | 0a00 0000 
  0x00000239716e8900: 48be e803 | 0000 0000 | 0000 488b | 3c32 488d | 7f01 4889 | 3c32 0f85 | 7801 0000 | 488b 5424 
  0x00000239716e8920: 4048 be48 | 090d 0b39 | 0200 0049 | ba90 59c9 | 0008 0000 | 004c 8996 | 0804 0000 | 4883 8610 
  0x00000239716e8940: 0400 0001 | 48ba 180e | 0d0b 3902 | 0000 8bb2 | 0401 0000 | 83c6 0289 | b204 0100 | 0081 e6fe 
  0x00000239716e8960: ff1f 0083 | fe00 0f84 | 0704 0000 | 418b 5014 | 83fa 0148 | ba18 0e0d | 0b39 0200 | 0048 be48 
  0x00000239716e8980: 0100 0000 | 0000 000f | 8f0a 0000 | 0048 be58 | 0100 0000 | 0000 0048 | 8b3c 3248 | 8d7f 0148 
  0x00000239716e89a0: 893c 320f | 8f3d 0000 | 0041 8b50 | 1883 fa00 | 48ba 180e | 0d0b 3902 | 0000 48be | 7801 0000 
  0x00000239716e89c0: 0000 0000 | 0f8e 0a00 | 0000 48be | 6801 0000 | 0000 0000 | 488b 3c32 | 488d 7f01 | 4889 3c32 
  0x00000239716e89e0: 0f8e 3300 | 0000 488b | 5424 4048 | be18 0e0d | 0b39 0200 | 0048 8386 | 8801 0000 | 0149 8bf0 
  0x00000239716e8a00: 4c8b c648 | 8b54 2440 | 0f1f 8000 | 0000 00e8 | ec3c 68ff | e90c 0000 | 0048 8b54 | 2440 448b 
  0x00000239716e8a20: 4250 498b | c04c 8b44 | 2438 410f | be57 3083 | fa00 0f85 | 5c03 0000 | 4c8b d045 | 8950 7c49 
  0x00000239716e8a40: 8bd0 4833 | d048 c1ea | 1448 83fa | 000f 855d | 0300 0049 | b848 090d | 0b39 0200 | 0041 ff80 
  0x00000239716e8a60: 3004 0000 | 4883 c450 | 5d4d 8b97 | 1001 0000 | 4185 02c3 | 488b f248 | bf48 090d | 0b39 0200 
  0x00000239716e8a80: 0048 8387 | 4804 0000 | 0166 0f1f | 4400 00e8 | 6c3c 68ff | 4883 c450 | 5d4d 8b97 | 1001 0000 
  0x00000239716e8aa0: 4185 02c3 | 49ba 50b4 | 9706 3902 | 0000 4c89 | 5424 0848 | c704 24ff | ffff ffe8 | 4064 73ff 
  0x00000239716e8ac0: e974 f7ff | ffe8 5613 | 73ff 418b | 5074 4883 | fa00 0f84 | 72f9 ffff | 4889 1424 | e81f 6a73 
  0x00000239716e8ae0: ffe9 64f9 | ffff 4883 | fa00 0f84 | 86f9 ffff | 4c89 0424 | e807 6d73 | ffe9 78f9 | ffff e81d 
  0x00000239716e8b00: 1373 ff41 | 8b50 7448 | 83fa 000f | 846c faff | ff48 8914 | 24e8 e669 | 73ff e95e | faff ff48 
  0x00000239716e8b20: 83fa 000f | 8480 faff | ff4c 8904 | 24e8 ce6c | 73ff e972 | faff ff41 | 8b50 7448 | 83fa 000f 
  0x00000239716e8b40: 8487 faff | ff48 8914 | 24e8 b269 | 73ff e979 | faff ff48 | 83fa 000f | 849b faff | ff4c 8904 
  0x00000239716e8b60: 24e8 9a6c | 73ff e98d | faff ff41 | 8b50 7448 | 83fa 000f | 8497 faff | ff48 8914 | 24e8 7e69 
  0x00000239716e8b80: 73ff e989 | faff ff48 | 83fa 000f | 84ab faff | ff4c 8904 | 24e8 666c | 73ff e99d | faff ff41 
  0x00000239716e8ba0: 8b50 7448 | 83fa 000f | 84b2 faff | ff48 8914 | 24e8 4a69 | 73ff e9a4 | faff ff48 | 83fa 000f 
  0x00000239716e8bc0: 84c6 faff | ff4c 8904 | 24e8 326c | 73ff e9b8 | faff ff41 | 8b50 6c48 | 83fa 000f | 84c8 faff 
  0x00000239716e8be0: ff48 8914 | 24e8 1669 | 73ff e9ba | faff ff48 | 83fa 000f | 84dc faff | ff4c 8904 | 24e8 fe6b 
  0x00000239716e8c00: 73ff e9ce | faff ff41 | 8b70 6448 | 83fe 000f | 841b fbff | ff48 8934 | 24e8 e268 | 73ff e90d 
  0x00000239716e8c20: fbff ff48 | 83fa 000f | 841e fbff | ff4c 8904 | 24e8 ca6b | 73ff e910 | fbff ff41 | 8b70 6848 
  0x00000239716e8c40: 83fe 000f | 8410 fbff | ff48 8934 | 24e8 ae68 | 73ff e902 | fbff ff48 | 83fa 000f | 8413 fbff 
  0x00000239716e8c60: ff4c 8904 | 24e8 966b | 73ff e905 | fbff ff41 | 8b78 6448 | 83ff 000f | 8467 fbff | ff48 893c 
  0x00000239716e8c80: 24e8 7a68 | 73ff e959 | fbff ff48 | 83fe 000f | 846a fbff | ff4c 8904 | 24e8 626b | 73ff e95c 
  0x00000239716e8ca0: fbff ff41 | 8b70 6848 | 83fe 000f | 8462 fbff | ff48 8934 | 24e8 4668 | 73ff e954 | fbff ff48 
  0x00000239716e8cc0: 83fa 000f | 8465 fbff | ff4c 8904 | 24e8 2e6b | 73ff e957 | fbff ff41 | 8b70 6448 | 83fe 000f 
  0x00000239716e8ce0: 847c fbff | ff48 8934 | 24e8 1268 | 73ff e96e | fbff ff48 | 83fa 000f | 847f fbff | ff4c 8904 
  0x00000239716e8d00: 24e8 fa6a | 73ff e971 | fbff ff41 | 8b70 6848 | 83fe 000f | 8471 fbff | ff48 8934 | 24e8 de67 
  0x00000239716e8d20: 73ff e963 | fbff ff48 | 83fa 000f | 8474 fbff | ff4c 8904 | 24e8 c66a | 73ff e966 | fbff ff41 
  0x00000239716e8d40: 8b70 7048 | 83fe 000f | 8476 fbff | ff48 8934 | 24e8 aa67 | 73ff e968 | fbff ff48 | 83fa 000f 
  0x00000239716e8d60: 8479 fbff | ff4c 8904 | 24e8 926a | 73ff e96b | fbff ff49 | ba20 b597 | 0639 0200 | 004c 8954 
  0x00000239716e8d80: 2408 48c7 | 0424 ffff | ffff e871 | 6173 ffe9 | d8fb ffff | 418b 507c | 4883 fa00 | 0f84 96fc 
  0x00000239716e8da0: ffff 4889 | 1424 e855 | 6773 ffe9 | 88fc ffff | 4883 f800 | 0f84 99fc | ffff 4c89 | 0424 e83d 
  0x00000239716e8dc0: 6a73 ffe9 | 8bfc ffff | 9090 498b | 8700 0400 | 0049 ba00 | 0000 0000 | 0000 004d | 8997 0004 
  0x00000239716e8de0: 0000 49ba | 0000 0000 | 0000 0000 | 4d89 9708 | 0400 0048 | 83c4 505d | e903 0173 | fff4 f4f4 
  0x00000239716e8e00: 0f1f 4400 | 0048 bb00 | 0000 0000 | 0000 00e9 | fbff ffff | 9048 bb00 | 0000 0000 | 0000 00e9 
  0x00000239716e8e20: fbff ffff | 9048 bb00 | 0000 0000 | 0000 00e9 | fbff ffff | 9048 bb00 | 0000 0000 | 0000 00e9 
  0x00000239716e8e40: fbff ffff | e8b7 2d73 | ff48 b9b0 | eb2b c2ff | 7f00 0048 | 83e4 f049 | bae0 adfc | c1ff 7f00 
  0x00000239716e8e60: 0041 ffd2 | f449 ba65 | 8e6e 7139 | 0200 0041 | 52e9 2a51 | 68ff f4f4 
[/MachCode]
--------------------------------------------------------------------------------


---------------  P R O C E S S  ---------------

Threads class SMR info:
_java_thread_list=0x0000023905cb2370, length=23, elements={
0x0000023904fc6dc0, 0x0000023904fc74b0, 0x0000023904fe2b80, 0x0000023904fe7070,
0x0000023904fe8650, 0x0000023904ff2470, 0x0000023904ffca50, 0x0000023905004f50,
0x000002390523b170, 0x0000023905241220, 0x00000239054dc4f0, 0x00000239054e9450,
0x00000239053be010, 0x0000023905426390, 0x0000023905071be0, 0x0000023905ca5e10,
0x0000023905328fd0, 0x000002390605de90, 0x000002390605e830, 0x0000023906060510,
0x000002390605e360, 0x000002390605f6a0, 0x00000239060609e0
}

Java Threads: ( => current thread )
  0x0000023904fc6dc0 JavaThread "Reference Handler" daemon [_thread_blocked, id=3860, stack(0x00000084f8000000,0x00000084f8100000)]
  0x0000023904fc74b0 JavaThread "Finalizer" daemon [_thread_blocked, id=7148, stack(0x00000084f8100000,0x00000084f8200000)]
  0x0000023904fe2b80 JavaThread "Signal Dispatcher" daemon [_thread_blocked, id=10548, stack(0x00000084f8200000,0x00000084f8300000)]
  0x0000023904fe7070 JavaThread "Attach Listener" daemon [_thread_blocked, id=2876, stack(0x00000084f8300000,0x00000084f8400000)]
  0x0000023904fe8650 JavaThread "Service Thread" daemon [_thread_blocked, id=11352, stack(0x00000084f8400000,0x00000084f8500000)]
  0x0000023904ff2470 JavaThread "C2 CompilerThread0" daemon [_thread_blocked, id=5564, stack(0x00000084f8500000,0x00000084f8600000)]
  0x0000023904ffca50 JavaThread "C1 CompilerThread0" daemon [_thread_blocked, id=6776, stack(0x00000084f8600000,0x00000084f8700000)]
  0x0000023905004f50 JavaThread "Sweeper thread" daemon [_thread_blocked, id=11448, stack(0x00000084f8700000,0x00000084f8800000)]
  0x000002390523b170 JavaThread "Notification Thread" daemon [_thread_blocked, id=11396, stack(0x00000084f8800000,0x00000084f8900000)]
  0x0000023905241220 JavaThread "Common-Cleaner" daemon [_thread_blocked, id=3284, stack(0x00000084f8a00000,0x00000084f8b00000)]
  0x00000239054dc4f0 JavaThread "Java2D Disposer" daemon [_thread_blocked, id=2332, stack(0x00000084f8b00000,0x00000084f8c00000)]
  0x00000239054e9450 JavaThread "AWT-Windows" daemon [_thread_in_native, id=5324, stack(0x00000084f8d00000,0x00000084f8e00000)]
  0x00000239053be010 JavaThread "atomic-processor-1" daemon [_thread_in_native, id=6444, stack(0x00000084f9000000,0x00000084f9100000)]
  0x0000023905426390 JavaThread "webcam-discovery-service" daemon [_thread_blocked, id=11484, stack(0x00000084f8c00000,0x00000084f8d00000)]
  0x0000023905071be0 JavaThread "webcam-lock-[HP TrueVision HD Camera 0]" daemon [_thread_blocked, id=11752, stack(0x00000084f8f00000,0x00000084f9000000)]
  0x0000023905ca5e10 JavaThread "frames-refresher-[0]" daemon [_thread_blocked, id=6036, stack(0x00000084f9900000,0x00000084f9a00000)]
  0x0000023905328fd0 JavaThread "AWT-Shutdown" [_thread_blocked, id=9968, stack(0x00000084f9b00000,0x00000084f9c00000)]
=>0x000002390605de90 JavaThread "AWT-EventQueue-0" [_thread_in_Java, id=264, stack(0x00000084f9c00000,0x00000084f9d00000)]
  0x000002390605e830 JavaThread "SwingWorker-pool-1-thread-1" daemon [_thread_blocked, id=1440, stack(0x00000084f9d00000,0x00000084f9e00000)]
  0x0000023906060510 JavaThread "TimerQueue" daemon [_thread_blocked, id=5752, stack(0x00000084f9e00000,0x00000084f9f00000)]
  0x000002390605e360 JavaThread "webcam-panel-scheduled-executor-1" daemon [_thread_blocked, id=10200, stack(0x00000084f9f00000,0x00000084fa000000)]
  0x000002390605f6a0 JavaThread "notificator-[HP TrueVision HD Camera 0]" daemon [_thread_blocked, id=9100, stack(0x00000084f9a00000,0x00000084f9b00000)]
  0x00000239060609e0 JavaThread "DestroyJavaVM" [_thread_blocked, id=12000, stack(0x00000084f7900000,0x00000084f7a00000)]

Other Threads:
  0x0000023904fc3620 VMThread "VM Thread" [stack: 0x00000084f7f00000,0x00000084f8000000] [id=3256]
  0x0000023905240f10 WatcherThread [stack: 0x00000084f8900000,0x00000084f8a00000] [id=2712]
  0x0000023968b116b0 GCTaskThread "GC Thread#0" [stack: 0x00000084f7a00000,0x00000084f7b00000] [id=6304]
  0x000002390533def0 GCTaskThread "GC Thread#1" [stack: 0x00000084f8e00000,0x00000084f8f00000] [id=11180]
  0x000002390533ebb0 GCTaskThread "GC Thread#2" [stack: 0x00000084fa000000,0x00000084fa100000] [id=10052]
  0x000002390533f210 GCTaskThread "GC Thread#3" [stack: 0x00000084fa100000,0x00000084fa200000] [id=9924]
  0x0000023968b1abf0 ConcurrentGCThread "G1 Main Marker" [stack: 0x00000084f7b00000,0x00000084f7c00000] [id=5220]
  0x0000023968b1b6f0 ConcurrentGCThread "G1 Conc#0" [stack: 0x00000084f7c00000,0x00000084f7d00000] [id=11744]
  0x0000023968b6a500 ConcurrentGCThread "G1 Refine#0" [stack: 0x00000084f7d00000,0x00000084f7e00000] [id=5528]
  0x0000023968b6dae0 ConcurrentGCThread "G1 Young RemSet Sampling" [stack: 0x00000084f7e00000,0x00000084f7f00000] [id=11900]

Threads with active compile tasks:

VM state: not at safepoint (normal execution)

VM Mutex/Monitor currently owned by a thread: None

Heap address: 0x00000000c1600000, size: 1002 MB, Compressed Oops mode: 32-bit
CDS archive(s) mapped at: [0x0000000800000000-0x0000000800b50000-0x0000000800b50000), size 11862016, SharedBaseAddress: 0x0000000800000000, ArchiveRelocationMode: 0.
Compressed class space mapped at: 0x0000000800b50000-0x0000000840b50000, size: 1073741824
Narrow klass base: 0x0000000800000000, Narrow klass shift: 3, Narrow klass range: 0x100000000

GC Precious Log:
 CPUs: 4 total, 4 available
 Memory: 4007M
 Large Page Support: Disabled
 NUMA Support: Disabled
 Compressed Oops: Enabled (32-bit)
 Heap Region Size: 1M
 Heap Min Capacity: 8M
 Heap Initial Capacity: 64M
 Heap Max Capacity: 1002M
 Pre-touch: Disabled
 Parallel Workers: 4
 Concurrent Workers: 1
 Concurrent Refinement Workers: 4
 Periodic GC: Disabled

Heap:
 garbage-first heap   total 65536K, used 21910K [0x00000000c1600000, 0x0000000100000000)
  region size 1024K, 10 young (10240K), 2 survivors (2048K)
 Metaspace       used 13594K, capacity 13815K, committed 14080K, reserved 1062912K
  class space    used 1448K, capacity 1500K, committed 1536K, reserved 1048576K

Heap Regions: E=young(eden), S=young(survivor), O=old, HS=humongous(starts), HC=humongous(continues), CS=collection set, F=free, OA=open archive, CA=closed archive, TAMS=top-at-mark-start (previous, next)
|   0|0x00000000c1600000, 0x00000000c1700000, 0x00000000c1700000|100%|HS|  |TAMS 0x00000000c1600000, 0x00000000c1600000| Complete 
|   1|0x00000000c1700000, 0x00000000c1800000, 0x00000000c1800000|100%|HC|  |TAMS 0x00000000c1700000, 0x00000000c1700000| Complete 
|   2|0x00000000c1800000, 0x00000000c1900000, 0x00000000c1900000|100%|HC|  |TAMS 0x00000000c1800000, 0x00000000c1800000| Complete 
|   3|0x00000000c1900000, 0x00000000c1a00000, 0x00000000c1a00000|100%|HC|  |TAMS 0x00000000c1900000, 0x00000000c1900000| Complete 
|   4|0x00000000c1a00000, 0x00000000c1b00000, 0x00000000c1b00000|100%|HC|  |TAMS 0x00000000c1a00000, 0x00000000c1a00000| Complete 
|   5|0x00000000c1b00000, 0x00000000c1c00000, 0x00000000c1c00000|100%|HC|  |TAMS 0x00000000c1b00000, 0x00000000c1b00000| Complete 
|   6|0x00000000c1c00000, 0x00000000c1d00000, 0x00000000c1d00000|100%|HS|  |TAMS 0x00000000c1c00000, 0x00000000c1c00000| Complete 
|   7|0x00000000c1d00000, 0x00000000c1e00000, 0x00000000c1e00000|100%|HC|  |TAMS 0x00000000c1d00000, 0x00000000c1d00000| Complete 
|   8|0x00000000c1e00000, 0x00000000c1f00000, 0x00000000c1f00000|100%|HC|  |TAMS 0x00000000c1e00000, 0x00000000c1e00000| Complete 
|   9|0x00000000c1f00000, 0x00000000c2000000, 0x00000000c2000000|100%| O|  |TAMS 0x00000000c1f00000, 0x00000000c1f00000| Untracked 
|  10|0x00000000c2000000, 0x00000000c2100000, 0x00000000c2100000|100%|HS|  |TAMS 0x00000000c2000000, 0x00000000c2000000| Complete 
|  11|0x00000000c2100000, 0x00000000c2200000, 0x00000000c2200000|100%|HC|  |TAMS 0x00000000c2100000, 0x00000000c2100000| Complete 
|  12|0x00000000c2200000, 0x00000000c2300000, 0x00000000c2300000|100%| O|  |TAMS 0x00000000c2200000, 0x00000000c2200000| Untracked 
|  13|0x00000000c2300000, 0x00000000c239aa00, 0x00000000c2400000| 60%| O|  |TAMS 0x00000000c2300000, 0x00000000c2300000| Untracked 
|  14|0x00000000c2400000, 0x00000000c2400000, 0x00000000c2500000|  0%| F|  |TAMS 0x00000000c2400000, 0x00000000c2400000| Untracked 
|  15|0x00000000c2500000, 0x00000000c2500000, 0x00000000c2600000|  0%| F|  |TAMS 0x00000000c2500000, 0x00000000c2500000| Untracked 
|  16|0x00000000c2600000, 0x00000000c2600000, 0x00000000c2700000|  0%| F|  |TAMS 0x00000000c2600000, 0x00000000c2600000| Untracked 
|  17|0x00000000c2700000, 0x00000000c2700000, 0x00000000c2800000|  0%| F|  |TAMS 0x00000000c2700000, 0x00000000c2700000| Untracked 
|  18|0x00000000c2800000, 0x00000000c2800000, 0x00000000c2900000|  0%| F|  |TAMS 0x00000000c2800000, 0x00000000c2800000| Untracked 
|  19|0x00000000c2900000, 0x00000000c2900000, 0x00000000c2a00000|  0%| F|  |TAMS 0x00000000c2900000, 0x00000000c2900000| Untracked 
|  20|0x00000000c2a00000, 0x00000000c2a00000, 0x00000000c2b00000|  0%| F|  |TAMS 0x00000000c2a00000, 0x00000000c2a00000| Untracked 
|  21|0x00000000c2b00000, 0x00000000c2b00000, 0x00000000c2c00000|  0%| F|  |TAMS 0x00000000c2b00000, 0x00000000c2b00000| Untracked 
|  22|0x00000000c2c00000, 0x00000000c2c00000, 0x00000000c2d00000|  0%| F|  |TAMS 0x00000000c2c00000, 0x00000000c2c00000| Untracked 
|  23|0x00000000c2d00000, 0x00000000c2d00000, 0x00000000c2e00000|  0%| F|  |TAMS 0x00000000c2d00000, 0x00000000c2d00000| Untracked 
|  24|0x00000000c2e00000, 0x00000000c2ecae78, 0x00000000c2f00000| 79%| S|CS|TAMS 0x00000000c2e00000, 0x00000000c2e00000| Complete 
|  25|0x00000000c2f00000, 0x00000000c3000000, 0x00000000c3000000|100%| S|CS|TAMS 0x00000000c2f00000, 0x00000000c2f00000| Complete 
|  26|0x00000000c3000000, 0x00000000c3000000, 0x00000000c3100000|  0%| F|  |TAMS 0x00000000c3000000, 0x00000000c3000000| Untracked 
|  27|0x00000000c3100000, 0x00000000c3100000, 0x00000000c3200000|  0%| F|  |TAMS 0x00000000c3100000, 0x00000000c3100000| Untracked 
|  28|0x00000000c3200000, 0x00000000c3200000, 0x00000000c3300000|  0%| F|  |TAMS 0x00000000c3200000, 0x00000000c3200000| Untracked 
|  29|0x00000000c3300000, 0x00000000c3300000, 0x00000000c3400000|  0%| F|  |TAMS 0x00000000c3300000, 0x00000000c3300000| Untracked 
|  30|0x00000000c3400000, 0x00000000c3400000, 0x00000000c3500000|  0%| F|  |TAMS 0x00000000c3400000, 0x00000000c3400000| Untracked 
|  31|0x00000000c3500000, 0x00000000c3500000, 0x00000000c3600000|  0%| F|  |TAMS 0x00000000c3500000, 0x00000000c3500000| Untracked 
|  32|0x00000000c3600000, 0x00000000c3600000, 0x00000000c3700000|  0%| F|  |TAMS 0x00000000c3600000, 0x00000000c3600000| Untracked 
|  33|0x00000000c3700000, 0x00000000c3700000, 0x00000000c3800000|  0%| F|  |TAMS 0x00000000c3700000, 0x00000000c3700000| Untracked 
|  34|0x00000000c3800000, 0x00000000c3800000, 0x00000000c3900000|  0%| F|  |TAMS 0x00000000c3800000, 0x00000000c3800000| Untracked 
|  35|0x00000000c3900000, 0x00000000c3900000, 0x00000000c3a00000|  0%| F|  |TAMS 0x00000000c3900000, 0x00000000c3900000| Untracked 
|  36|0x00000000c3a00000, 0x00000000c3a00000, 0x00000000c3b00000|  0%| F|  |TAMS 0x00000000c3a00000, 0x00000000c3a00000| Untracked 
|  37|0x00000000c3b00000, 0x00000000c3b00000, 0x00000000c3c00000|  0%| F|  |TAMS 0x00000000c3b00000, 0x00000000c3b00000| Untracked 
|  38|0x00000000c3c00000, 0x00000000c3c00000, 0x00000000c3d00000|  0%| F|  |TAMS 0x00000000c3c00000, 0x00000000c3c00000| Untracked 
|  39|0x00000000c3d00000, 0x00000000c3d00000, 0x00000000c3e00000|  0%| F|  |TAMS 0x00000000c3d00000, 0x00000000c3d00000| Untracked 
|  40|0x00000000c3e00000, 0x00000000c3e00000, 0x00000000c3f00000|  0%| F|  |TAMS 0x00000000c3e00000, 0x00000000c3e00000| Untracked 
|  41|0x00000000c3f00000, 0x00000000c3f00000, 0x00000000c4000000|  0%| F|  |TAMS 0x00000000c3f00000, 0x00000000c3f00000| Untracked 
|  42|0x00000000c4000000, 0x00000000c4000000, 0x00000000c4100000|  0%| F|  |TAMS 0x00000000c4000000, 0x00000000c4000000| Untracked 
|  43|0x00000000c4100000, 0x00000000c4100000, 0x00000000c4200000|  0%| F|  |TAMS 0x00000000c4100000, 0x00000000c4100000| Untracked 
|  44|0x00000000c4200000, 0x00000000c4200000, 0x00000000c4300000|  0%| F|  |TAMS 0x00000000c4200000, 0x00000000c4200000| Untracked 
|  45|0x00000000c4300000, 0x00000000c4300000, 0x00000000c4400000|  0%| F|  |TAMS 0x00000000c4300000, 0x00000000c4300000| Untracked 
|  46|0x00000000c4400000, 0x00000000c4400000, 0x00000000c4500000|  0%| F|  |TAMS 0x00000000c4400000, 0x00000000c4400000| Untracked 
|  47|0x00000000c4500000, 0x00000000c4500000, 0x00000000c4600000|  0%| F|  |TAMS 0x00000000c4500000, 0x00000000c4500000| Untracked 
|  48|0x00000000c4600000, 0x00000000c4600000, 0x00000000c4700000|  0%| F|  |TAMS 0x00000000c4600000, 0x00000000c4600000| Untracked 
|  49|0x00000000c4700000, 0x00000000c4700000, 0x00000000c4800000|  0%| F|  |TAMS 0x00000000c4700000, 0x00000000c4700000| Untracked 
|  50|0x00000000c4800000, 0x00000000c4800000, 0x00000000c4900000|  0%| F|  |TAMS 0x00000000c4800000, 0x00000000c4800000| Untracked 
|  51|0x00000000c4900000, 0x00000000c4900000, 0x00000000c4a00000|  0%| F|  |TAMS 0x00000000c4900000, 0x00000000c4900000| Untracked 
|  52|0x00000000c4a00000, 0x00000000c4a00000, 0x00000000c4b00000|  0%| F|  |TAMS 0x00000000c4a00000, 0x00000000c4a00000| Untracked 
|  53|0x00000000c4b00000, 0x00000000c4b00000, 0x00000000c4c00000|  0%| F|  |TAMS 0x00000000c4b00000, 0x00000000c4b00000| Untracked 
|  54|0x00000000c4c00000, 0x00000000c4c00000, 0x00000000c4d00000|  0%| F|  |TAMS 0x00000000c4c00000, 0x00000000c4c00000| Untracked 
|  55|0x00000000c4d00000, 0x00000000c4d00000, 0x00000000c4e00000|  0%| F|  |TAMS 0x00000000c4d00000, 0x00000000c4d00000| Untracked 
|  56|0x00000000c4e00000, 0x00000000c4e25220, 0x00000000c4f00000| 14%| E|  |TAMS 0x00000000c4e00000, 0x00000000c4e00000| Complete 
|  57|0x00000000c4f00000, 0x00000000c5000000, 0x00000000c5000000|100%| E|CS|TAMS 0x00000000c4f00000, 0x00000000c4f00000| Complete 
|  58|0x00000000c5000000, 0x00000000c50f0ae8, 0x00000000c5100000| 94%| E|  |TAMS 0x00000000c5000000, 0x00000000c5000000| Complete 
|  59|0x00000000c5100000, 0x00000000c5200000, 0x00000000c5200000|100%| E|CS|TAMS 0x00000000c5100000, 0x00000000c5100000| Complete 
|  60|0x00000000c5200000, 0x00000000c5300000, 0x00000000c5300000|100%| E|CS|TAMS 0x00000000c5200000, 0x00000000c5200000| Complete 
|  61|0x00000000c5300000, 0x00000000c5400000, 0x00000000c5400000|100%| E|CS|TAMS 0x00000000c5300000, 0x00000000c5300000| Complete 
|  62|0x00000000c5400000, 0x00000000c5500000, 0x00000000c5500000|100%| E|CS|TAMS 0x00000000c5400000, 0x00000000c5400000| Complete 
|  63|0x00000000c5500000, 0x00000000c5600000, 0x00000000c5600000|100%| E|CS|TAMS 0x00000000c5500000, 0x00000000c5500000| Complete 

Card table byte_map: [0x0000023900000000,0x0000023900200000] _byte_map_base: 0x00000238ff9f5000

Marking Bits (Prev, Next): (CMBitMap*) 0x0000023968b11db0, (CMBitMap*) 0x0000023968b11df0
 Prev Bits: [0x0000023900400000, 0x00000239013a8000)
 Next Bits: [0x00000239013b0000, 0x0000023902358000)

Polling page: 0x00000239682c0000

Metaspace:

Usage:
  Non-class:     12.03 MB capacity,    11.86 MB ( 99%) used,   150.58 KB (  1%) free+waste,    19.12 KB ( <1%) overhead. 
      Class:      1.46 MB capacity,     1.42 MB ( 97%) used,    43.70 KB (  3%) free+waste,     7.31 KB ( <1%) overhead. 
       Both:     13.49 MB capacity,    13.28 MB ( 98%) used,   194.28 KB (  1%) free+waste,    26.44 KB ( <1%) overhead. 

Virtual space:
  Non-class space:       14.00 MB reserved,      12.25 MB ( 88%) committed 
      Class space:        1.00 GB reserved,       1.50 MB ( <1%) committed 
             Both:        1.01 GB reserved,      13.75 MB (  1%) committed 

Chunk freelists:
   Non-Class:  37.00 KB
       Class:  4.00 KB
        Both:  41.00 KB

MaxMetaspaceSize: 17179869184.00 GB
CompressedClassSpaceSize: 1.00 GB

CodeHeap 'non-profiled nmethods': size=120000Kb used=930Kb max_used=930Kb free=119070Kb
 bounds [0x00000239787f0000, 0x0000023978a60000, 0x000002397fd20000]
CodeHeap 'profiled nmethods': size=120000Kb used=5149Kb max_used=5149Kb free=114850Kb
 bounds [0x00000239712c0000, 0x00000239717d0000, 0x00000239787f0000]
CodeHeap 'non-nmethods': size=5760Kb used=1322Kb max_used=1381Kb free=4437Kb
 bounds [0x0000023970d20000, 0x0000023970f90000, 0x00000239712c0000]
 total_blobs=3333 nmethods=2710 adapters=535
 compilation: enabled
              stopped_count=0, restarted_count=0
 full_count=0

Compilation events (20 events):
Event: 124.909 Thread 0x0000023904ff2470 2701       4       sun.java2d.pipe.Region::getInstanceXYWH (16 bytes)
Event: 124.911 Thread 0x0000023904ff2470 nmethod 2701 0x00000239788d5690 code [0x00000239788d5820, 0x00000239788d5998]
Event: 128.309 Thread 0x0000023904ffca50 2702       3       sun.java2d.SunGraphics2D::clip (35 bytes)
Event: 128.309 Thread 0x0000023904ffca50 nmethod 2702 0x00000239717c6090 code [0x00000239717c6260, 0x00000239717c64a8]
Event: 128.309 Thread 0x0000023904ffca50 2703       3       sun.java2d.SunGraphics2D::intersectShapes (76 bytes)
Event: 128.310 Thread 0x0000023904ffca50 nmethod 2703 0x00000239717c6590 code [0x00000239717c67c0, 0x00000239717c7378]
Event: 129.007 Thread 0x0000023904ff2470 2704       4       sun.java2d.SurfaceData::getSourceSurfaceData (110 bytes)
Event: 129.037 Thread 0x0000023904ff2470 nmethod 2704 0x00000239788d5b10 code [0x00000239788d5d40, 0x00000239788d6b08]
Event: 129.519 Thread 0x0000023904ff2470 2705       4       java.util.concurrent.CopyOnWriteArrayList::size (6 bytes)
Event: 129.519 Thread 0x0000023904ff2470 nmethod 2705 0x00000239788d7490 code [0x00000239788d7600, 0x00000239788d7678]
Event: 129.805 Thread 0x0000023904ff2470 2706       4       javax.swing.RepaintManager::currentManager (37 bytes)
Event: 129.806 Thread 0x0000023904ff2470 nmethod 2706 0x00000239788d7790 code [0x00000239788d7920, 0x00000239788d79c8]
Event: 130.205 Thread 0x0000023904ff2470 2707       4       java.awt.Rectangle::translate (197 bytes)
Event: 130.206 Thread 0x0000023904ff2470 nmethod 2707 0x00000239788d7b10 code [0x00000239788d7ca0, 0x00000239788d7db8]
Event: 130.511 Thread 0x0000023904ff2470 2708       4       java.util.concurrent.ThreadPoolExecutor::isShutdown (12 bytes)
Event: 130.515 Thread 0x0000023904ff2470 nmethod 2708 0x00000239788d7e90 code [0x00000239788d8000, 0x00000239788d8098]
Event: 130.819 Thread 0x0000023904ff2470 2709       4       java.lang.System::getSecurityManager (12 bytes)
Event: 130.820 Thread 0x0000023904ff2470 nmethod 2709 0x00000239788d8190 code [0x00000239788d8300, 0x00000239788d8358]
Event: 131.923 Thread 0x0000023904ff2470 2710       4       java.util.regex.Pattern$BitClass::is (22 bytes)
Event: 131.924 Thread 0x0000023904ff2470 nmethod 2710 0x00000239788d8490 code [0x00000239788d8620, 0x00000239788d86f8]

GC Heap History (20 events):
Event: 25.628 GC heap before
{Heap before GC invocations=1 (full 0):
 garbage-first heap   total 65536K, used 28162K [0x00000000c1600000, 0x0000000100000000)
  region size 1024K, 17 young (17408K), 2 survivors (2048K)
 Metaspace       used 12336K, capacity 12555K, committed 12800K, reserved 1060864K
  class space    used 1414K, capacity 1466K, committed 1536K, reserved 1048576K
}
Event: 25.635 GC heap after
{Heap after GC invocations=2 (full 0):
 garbage-first heap   total 65536K, used 15792K [0x00000000c1600000, 0x0000000100000000)
  region size 1024K, 2 young (2048K), 2 survivors (2048K)
 Metaspace       used 12336K, capacity 12555K, committed 12800K, reserved 1060864K
  class space    used 1414K, capacity 1466K, committed 1536K, reserved 1048576K
}
Event: 35.744 GC heap before
{Heap before GC invocations=2 (full 0):
 garbage-first heap   total 65536K, used 46512K [0x00000000c1600000, 0x0000000100000000)
  region size 1024K, 33 young (33792K), 2 survivors (2048K)
 Metaspace       used 12957K, capacity 13163K, committed 13312K, reserved 1060864K
  class space    used 1438K, capacity 1498K, committed 1536K, reserved 1048576K
}
Event: 35.747 GC heap after
{Heap after GC invocations=3 (full 0):
 garbage-first heap   total 65536K, used 15712K [0x00000000c1600000, 0x0000000100000000)
  region size 1024K, 2 young (2048K), 2 survivors (2048K)
 Metaspace       used 12957K, capacity 13163K, committed 13312K, reserved 1060864K
  class space    used 1438K, capacity 1498K, committed 1536K, reserved 1048576K
}
Event: 46.957 GC heap before
{Heap before GC invocations=3 (full 0):
 garbage-first heap   total 65536K, used 49504K [0x00000000c1600000, 0x0000000100000000)
  region size 1024K, 36 young (36864K), 2 survivors (2048K)
 Metaspace       used 13215K, capacity 13419K, committed 13568K, reserved 1060864K
  class space    used 1439K, capacity 1498K, committed 1536K, reserved 1048576K
}
Event: 46.960 GC heap after
{Heap after GC invocations=4 (full 0):
 garbage-first heap   total 65536K, used 15822K [0x00000000c1600000, 0x0000000100000000)
  region size 1024K, 2 young (2048K), 2 survivors (2048K)
 Metaspace       used 13215K, capacity 13419K, committed 13568K, reserved 1060864K
  class space    used 1439K, capacity 1498K, committed 1536K, reserved 1048576K
}
Event: 58.863 GC heap before
{Heap before GC invocations=4 (full 0):
 garbage-first heap   total 65536K, used 51662K [0x00000000c1600000, 0x0000000100000000)
  region size 1024K, 38 young (38912K), 2 survivors (2048K)
 Metaspace       used 13330K, capacity 13483K, committed 13568K, reserved 1060864K
  class space    used 1439K, capacity 1498K, committed 1536K, reserved 1048576K
}
Event: 58.867 GC heap after
{Heap after GC invocations=5 (full 0):
 garbage-first heap   total 65536K, used 15824K [0x00000000c1600000, 0x0000000100000000)
  region size 1024K, 2 young (2048K), 2 survivors (2048K)
 Metaspace       used 13330K, capacity 13483K, committed 13568K, reserved 1060864K
  class space    used 1439K, capacity 1498K, committed 1536K, reserved 1048576K
}
Event: 70.767 GC heap before
{Heap before GC invocations=5 (full 0):
 garbage-first heap   total 65536K, used 51664K [0x00000000c1600000, 0x0000000100000000)
  region size 1024K, 38 young (38912K), 2 survivors (2048K)
 Metaspace       used 13505K, capacity 13687K, committed 13824K, reserved 1060864K
  class space    used 1448K, capacity 1500K, committed 1536K, reserved 1048576K
}
Event: 70.770 GC heap after
{Heap after GC invocations=6 (full 0):
 garbage-first heap   total 65536K, used 15864K [0x00000000c1600000, 0x0000000100000000)
  region size 1024K, 2 young (2048K), 2 survivors (2048K)
 Metaspace       used 13505K, capacity 13687K, committed 13824K, reserved 1060864K
  class space    used 1448K, capacity 1500K, committed 1536K, reserved 1048576K
}
Event: 82.669 GC heap before
{Heap before GC invocations=6 (full 0):
 garbage-first heap   total 65536K, used 51704K [0x00000000c1600000, 0x0000000100000000)
  region size 1024K, 38 young (38912K), 2 survivors (2048K)
 Metaspace       used 13534K, capacity 13751K, committed 13824K, reserved 1060864K
  class space    used 1448K, capacity 1500K, committed 1536K, reserved 1048576K
}
Event: 82.672 GC heap after
{Heap after GC invocations=7 (full 0):
 garbage-first heap   total 65536K, used 15869K [0x00000000c1600000, 0x0000000100000000)
  region size 1024K, 2 young (2048K), 2 survivors (2048K)
 Metaspace       used 13534K, capacity 13751K, committed 13824K, reserved 1060864K
  class space    used 1448K, capacity 1500K, committed 1536K, reserved 1048576K
}
Event: 94.591 GC heap before
{Heap before GC invocations=7 (full 0):
 garbage-first heap   total 65536K, used 51709K [0x00000000c1600000, 0x0000000100000000)
  region size 1024K, 38 young (38912K), 2 survivors (2048K)
 Metaspace       used 13543K, capacity 13751K, committed 13824K, reserved 1060864K
  class space    used 1448K, capacity 1500K, committed 1536K, reserved 1048576K
}
Event: 94.594 GC heap after
{Heap after GC invocations=8 (full 0):
 garbage-first heap   total 65536K, used 15796K [0x00000000c1600000, 0x0000000100000000)
  region size 1024K, 2 young (2048K), 2 survivors (2048K)
 Metaspace       used 13543K, capacity 13751K, committed 13824K, reserved 1060864K
  class space    used 1448K, capacity 1500K, committed 1536K, reserved 1048576K
}
Event: 106.586 GC heap before
{Heap before GC invocations=8 (full 0):
 garbage-first heap   total 65536K, used 51636K [0x00000000c1600000, 0x0000000100000000)
  region size 1024K, 38 young (38912K), 2 survivors (2048K)
 Metaspace       used 13582K, capacity 13815K, committed 14080K, reserved 1062912K
  class space    used 1448K, capacity 1500K, committed 1536K, reserved 1048576K
}
Event: 106.589 GC heap after
{Heap after GC invocations=9 (full 0):
 garbage-first heap   total 65536K, used 15837K [0x00000000c1600000, 0x0000000100000000)
  region size 1024K, 2 young (2048K), 2 survivors (2048K)
 Metaspace       used 13582K, capacity 13815K, committed 14080K, reserved 1062912K
  class space    used 1448K, capacity 1500K, committed 1536K, reserved 1048576K
}
Event: 118.604 GC heap before
{Heap before GC invocations=9 (full 0):
 garbage-first heap   total 65536K, used 51677K [0x00000000c1600000, 0x0000000100000000)
  region size 1024K, 38 young (38912K), 2 survivors (2048K)
 Metaspace       used 13585K, capacity 13815K, committed 14080K, reserved 1062912K
  class space    used 1448K, capacity 1500K, committed 1536K, reserved 1048576K
}
Event: 118.607 GC heap after
{Heap after GC invocations=10 (full 0):
 garbage-first heap   total 65536K, used 15861K [0x00000000c1600000, 0x0000000100000000)
  region size 1024K, 2 young (2048K), 2 survivors (2048K)
 Metaspace       used 13585K, capacity 13815K, committed 14080K, reserved 1062912K
  class space    used 1448K, capacity 1500K, committed 1536K, reserved 1048576K
}
Event: 130.512 GC heap before
{Heap before GC invocations=10 (full 0):
 garbage-first heap   total 65536K, used 51701K [0x00000000c1600000, 0x0000000100000000)
  region size 1024K, 38 young (38912K), 2 survivors (2048K)
 Metaspace       used 13592K, capacity 13815K, committed 14080K, reserved 1062912K
  class space    used 1448K, capacity 1500K, committed 1536K, reserved 1048576K
}
Event: 130.515 GC heap after
{Heap after GC invocations=11 (full 0):
 garbage-first heap   total 65536K, used 15766K [0x00000000c1600000, 0x0000000100000000)
  region size 1024K, 2 young (2048K), 2 survivors (2048K)
 Metaspace       used 13592K, capacity 13815K, committed 14080K, reserved 1062912K
  class space    used 1448K, capacity 1500K, committed 1536K, reserved 1048576K
}

Deoptimization events (20 events):
Event: 105.697 Thread 0x000002390605de90 Uncommon trap: trap_request=0xffffffbe fr.pc=0x00000239788b98b8 relative=0x00000000000011d8
Event: 105.697 Thread 0x000002390605de90 Uncommon trap: reason=profile_predicate action=maybe_recompile pc=0x00000239788b98b8 method=java.util.Formatter$FormatSpecifier.localizedMagnitude(Ljava/lang/StringBuilder;Ljava/lang/CharSequence;ILjava/util/Formatter$Flags;ILjava/util/Locale;)Ljava/lang/
Event: 105.697 Thread 0x000002390605de90 DEOPT PACKING pc=0x00000239788b98b8 sp=0x00000084f9cfde00
Event: 105.697 Thread 0x000002390605de90 DEOPT UNPACKING pc=0x0000023970d6e42f sp=0x00000084f9cfddb0 mode 2
Event: 105.793 Thread 0x000002390605de90 Uncommon trap: trap_request=0xffffffbe fr.pc=0x00000239788b98b8 relative=0x00000000000011d8
Event: 105.793 Thread 0x000002390605de90 Uncommon trap: reason=profile_predicate action=maybe_recompile pc=0x00000239788b98b8 method=java.util.Formatter$FormatSpecifier.localizedMagnitude(Ljava/lang/StringBuilder;Ljava/lang/CharSequence;ILjava/util/Formatter$Flags;ILjava/util/Locale;)Ljava/lang/
Event: 105.793 Thread 0x000002390605de90 DEOPT PACKING pc=0x00000239788b98b8 sp=0x00000084f9cfde00
Event: 105.793 Thread 0x000002390605de90 DEOPT UNPACKING pc=0x0000023970d6e42f sp=0x00000084f9cfddb0 mode 2
Event: 105.793 Thread 0x000002390605de90 Uncommon trap: trap_request=0xffffffbe fr.pc=0x00000239788b98b8 relative=0x00000000000011d8
Event: 105.793 Thread 0x000002390605de90 Uncommon trap: reason=profile_predicate action=maybe_recompile pc=0x00000239788b98b8 method=java.util.Formatter$FormatSpecifier.localizedMagnitude(Ljava/lang/StringBuilder;Ljava/lang/CharSequence;ILjava/util/Formatter$Flags;ILjava/util/Locale;)Ljava/lang/
Event: 105.793 Thread 0x000002390605de90 DEOPT PACKING pc=0x00000239788b98b8 sp=0x00000084f9cfde00
Event: 105.793 Thread 0x000002390605de90 DEOPT UNPACKING pc=0x0000023970d6e42f sp=0x00000084f9cfddb0 mode 2
Event: 108.191 Thread 0x000002390605de90 Uncommon trap: trap_request=0xffffffbe fr.pc=0x00000239788bd20c relative=0x000000000000122c
Event: 108.191 Thread 0x000002390605de90 Uncommon trap: reason=profile_predicate action=maybe_recompile pc=0x00000239788bd20c method=java.util.Formatter$FormatSpecifier.localizedMagnitude(Ljava/lang/StringBuilder;Ljava/lang/CharSequence;ILjava/util/Formatter$Flags;ILjava/util/Locale;)Ljava/lang/
Event: 108.191 Thread 0x000002390605de90 DEOPT PACKING pc=0x00000239788bd20c sp=0x00000084f9cfde00
Event: 108.191 Thread 0x000002390605de90 DEOPT UNPACKING pc=0x0000023970d6e42f sp=0x00000084f9cfddb0 mode 2
Event: 108.305 Thread 0x000002390605de90 Uncommon trap: trap_request=0xffffffbe fr.pc=0x00000239788bd20c relative=0x000000000000122c
Event: 108.305 Thread 0x000002390605de90 Uncommon trap: reason=profile_predicate action=maybe_recompile pc=0x00000239788bd20c method=java.util.Formatter$FormatSpecifier.localizedMagnitude(Ljava/lang/StringBuilder;Ljava/lang/CharSequence;ILjava/util/Formatter$Flags;ILjava/util/Locale;)Ljava/lang/
Event: 108.305 Thread 0x000002390605de90 DEOPT PACKING pc=0x00000239788bd20c sp=0x00000084f9cfde00
Event: 108.305 Thread 0x000002390605de90 DEOPT UNPACKING pc=0x0000023970d6e42f sp=0x00000084f9cfddb0 mode 2

Classes unloaded (0 events):
No events

Classes redefined (0 events):
No events

Internal exceptions (20 events):
Event: 14.069 Thread 0x00000239053be010 Exception <a 'java/lang/NoSuchMethodError'{0x00000000c4f1ef68}: 'java.lang.Object java.lang.invoke.DirectMethodHandle$Holder.invokeStaticInit(java.lang.Object, int, int, int, int)'> (0x00000000c4f1ef68) 
thrown [./open/src/hotspot/share/interpreter/linkResolver.cpp, line 782]
Event: 15.058 Thread 0x00000239053be010 Exception <a 'java/lang/NoSuchMethodError'{0x00000000c4f79298}: 'java.lang.Object java.lang.invoke.DirectMethodHandle$Holder.invokeStaticInit(java.lang.Object, java.lang.Object, int, int, int, int)'> (0x00000000c4f79298) 
thrown [./open/src/hotspot/share/interpreter/linkResolver.cpp, line 782]
Event: 18.894 Thread 0x00000239053be010 Exception <a 'java/lang/NoSuchMethodError'{0x00000000c4c727e8}: static Lcom/github/sarxos/webcam/ds/buildin/natives/OpenIMAJGrabber;.nextFrame()I> (0x00000000c4c727e8) 
thrown [./open/src/hotspot/share/prims/jni.cpp, line 1204]
Event: 18.894 Thread 0x00000239053be010 Exception <a 'java/lang/NoSuchMethodError'{0x00000000c4c72b40}: static Lcom/github/sarxos/webcam/ds/buildin/natives/OpenIMAJGrabber;.getWidth()I> (0x00000000c4c72b40) 
thrown [./open/src/hotspot/share/prims/jni.cpp, line 1204]
Event: 18.895 Thread 0x00000239053be010 Exception <a 'java/lang/NoSuchMethodError'{0x00000000c4c72ea0}: static Lcom/github/sarxos/webcam/ds/buildin/natives/OpenIMAJGrabber;.getHeight()I> (0x00000000c4c72ea0) 
thrown [./open/src/hotspot/share/prims/jni.cpp, line 1204]
Event: 18.896 Thread 0x00000239053be010 Exception <a 'java/lang/NoSuchMethodError'{0x00000000c4c73218}: static Lcom/github/sarxos/webcam/ds/buildin/natives/OpenIMAJGrabber;.getImage()Lorg/bridj/Pointer;> (0x00000000c4c73218) 
thrown [./open/src/hotspot/share/prims/jni.cpp, line 1204]
Event: 18.896 Thread 0x00000239053be010 Exception <a 'java/lang/NoSuchMethodError'{0x00000000c4c73578}: static Lcom/github/sarxos/webcam/ds/buildin/natives/OpenIMAJGrabber;.setTimeout(I)V> (0x00000000c4c73578) 
thrown [./open/src/hotspot/share/prims/jni.cpp, line 1204]
Event: 18.896 Thread 0x00000239053be010 Exception <a 'java/lang/NoSuchMethodError'{0x00000000c4c738f8}: static Lcom/github/sarxos/webcam/ds/buildin/natives/OpenIMAJGrabber;.getVideoDevices()Lorg/bridj/Pointer;> (0x00000000c4c738f8) 
thrown [./open/src/hotspot/share/prims/jni.cpp, line 1204]
Event: 18.896 Thread 0x00000239053be010 Exception <a 'java/lang/NoSuchMethodError'{0x00000000c4c73c58}: static Lcom/github/sarxos/webcam/ds/buildin/natives/OpenIMAJGrabber;.stopSession()V> (0x00000000c4c73c58) 
thrown [./open/src/hotspot/share/prims/jni.cpp, line 1204]
Event: 18.896 Thread 0x00000239053be010 Exception <a 'java/lang/NoSuchMethodError'{0x00000000c4c73fb8}: static Lcom/github/sarxos/webcam/ds/buildin/natives/OpenIMAJGrabber;.startSession(IID)Z> (0x00000000c4c73fb8) 
thrown [./open/src/hotspot/share/prims/jni.cpp, line 1204]
Event: 18.896 Thread 0x00000239053be010 Exception <a 'java/lang/NoSuchMethodError'{0x00000000c4c74338}: static Lcom/github/sarxos/webcam/ds/buildin/natives/OpenIMAJGrabber;.startSession(IIDLorg/bridj/Pointer;)Z> (0x00000000c4c74338) 
thrown [./open/src/hotspot/share/prims/jni.cpp, line 1204]
Event: 19.400 Thread 0x00000239053be010 Exception <a 'java/lang/NoSuchMethodError'{0x00000000c4b0e358}: static Lorg/bridj/cpp/CPPRuntime_CPPDestructor_NativeImpl;.destroy(J)V> (0x00000000c4b0e358) 
thrown [./open/src/hotspot/share/prims/jni.cpp, line 1204]
Event: 19.481 Thread 0x00000239053be010 Exception <a 'java/lang/NoSuchMethodError'{0x00000000c4b30a08}: static Lorg/bridj/dyncallbacks/PointerToVoid_0;.apply(Lorg/bridj/Pointer;)V> (0x00000000c4b30a08) 
thrown [./open/src/hotspot/share/prims/jni.cpp, line 1204]
Event: 19.487 Thread 0x00000239053be010 Exception <a 'java/lang/NoSuchMethodError'{0x00000000c4b31b38}: static Lorg/bridj/dyncallbacks/PointerToVoid_0;.apply(Lorg/bridj/Pointer;)V> (0x00000000c4b31b38) 
thrown [./open/src/hotspot/share/prims/jni.cpp, line 1204]
Event: 19.807 Thread 0x00000239053be010 Exception <a 'java/lang/NoSuchMethodError'{0x00000000c4b4bb28}: static Lcom/github/sarxos/webcam/ds/buildin/natives/DeviceList;.getDevice(I)Lorg/bridj/Pointer;> (0x00000000c4b4bb28) 
thrown [./open/src/hotspot/share/prims/jni.cpp, line 1204]
Event: 19.807 Thread 0x00000239053be010 Exception <a 'java/lang/NoSuchMethodError'{0x00000000c4b4be80}: static Lcom/github/sarxos/webcam/ds/buildin/natives/DeviceList;.getNumDevices()I> (0x00000000c4b4be80) 
thrown [./open/src/hotspot/share/prims/jni.cpp, line 1204]
Event: 19.816 Thread 0x00000239053be010 Exception <a 'java/lang/NoSuchMethodError'{0x00000000c4b51ab0}: static Lcom/github/sarxos/webcam/ds/buildin/natives/Device;.getName()Lorg/bridj/Pointer;> (0x00000000c4b51ab0) 
thrown [./open/src/hotspot/share/prims/jni.cpp, line 1204]
Event: 19.818 Thread 0x00000239053be010 Exception <a 'java/lang/NoSuchMethodError'{0x00000000c4b51e20}: static Lcom/github/sarxos/webcam/ds/buildin/natives/Device;.getIdentifier()Lorg/bridj/Pointer;> (0x00000000c4b51e20) 
thrown [./open/src/hotspot/share/prims/jni.cpp, line 1204]
Event: 23.503 Thread 0x0000023968ae1860 Exception <a 'java/lang/NoSuchMethodError'{0x00000000c4a554c8}: 'java.lang.Object java.lang.invoke.DirectMethodHandle$Holder.invokeInterface(java.lang.Object, java.lang.Object)'> (0x00000000c4a554c8) 
thrown [./open/src/hotspot/share/interpreter/linkResolver.cpp, line 782]
Event: 25.997 Thread 0x000002390605de90 Implicit null exception at 0x0000023978851b20 to 0x0000023978851e2c

Events (20 events):
Event: 87.276 Executing VM operation: HandshakeAllThreads
Event: 87.276 Executing VM operation: HandshakeAllThreads done
Event: 88.276 Executing VM operation: HandshakeAllThreads
Event: 88.276 Executing VM operation: HandshakeAllThreads done
Event: 94.591 Executing VM operation: G1CollectForAllocation
Event: 94.594 Executing VM operation: G1CollectForAllocation done
Event: 106.586 Executing VM operation: G1CollectForAllocation
Event: 106.589 Executing VM operation: G1CollectForAllocation done
Event: 112.591 Executing VM operation: HandshakeAllThreads
Event: 112.591 Executing VM operation: HandshakeAllThreads done
Event: 118.604 Executing VM operation: G1CollectForAllocation
Event: 118.607 Executing VM operation: G1CollectForAllocation done
Event: 121.608 Executing VM operation: HandshakeAllThreads
Event: 121.608 Executing VM operation: HandshakeAllThreads done
Event: 130.512 Executing VM operation: G1CollectForAllocation
Event: 130.515 Executing VM operation: G1CollectForAllocation done
Event: 130.533 loading class java/awt/LightweightDispatcher$2
Event: 130.533 loading class java/awt/LightweightDispatcher$2 done
Event: 131.515 Executing VM operation: HandshakeAllThreads
Event: 131.515 Executing VM operation: HandshakeAllThreads done


Dynamic libraries:
0x00007ff739ee0000 - 0x00007ff739eef000 	C:\Program Files\Java\jdk-15.0.2\bin\javaw.exe
0x00007ffff9cb0000 - 0x00007ffff9ea5000 	C:\WINDOWS\SYSTEM32\ntdll.dll
0x00007ffff8f00000 - 0x00007ffff8fbe000 	C:\WINDOWS\System32\KERNEL32.DLL
0x00007ffff74d0000 - 0x00007ffff7798000 	C:\WINDOWS\System32\KERNELBASE.dll
0x00007ffff7a30000 - 0x00007ffff7b30000 	C:\WINDOWS\System32\ucrtbase.dll
0x00007ffff4710000 - 0x00007ffff4728000 	C:\Program Files\Java\jdk-15.0.2\bin\jli.dll
0x00007ffff80e0000 - 0x00007ffff818e000 	C:\WINDOWS\System32\ADVAPI32.dll
0x00007ffff4780000 - 0x00007ffff4799000 	C:\Program Files\Java\jdk-15.0.2\bin\VCRUNTIME140.dll
0x00007ffff8ce0000 - 0x00007ffff8d7e000 	C:\WINDOWS\System32\msvcrt.dll
0x00007ffff7fe0000 - 0x00007ffff807c000 	C:\WINDOWS\System32\sechost.dll
0x00007ffff7d10000 - 0x00007ffff7e35000 	C:\WINDOWS\System32\RPCRT4.dll
0x00007ffff98f0000 - 0x00007ffff9a90000 	C:\WINDOWS\System32\USER32.dll
0x00007ffff7900000 - 0x00007ffff7922000 	C:\WINDOWS\System32\win32u.dll
0x00007ffff8fc0000 - 0x00007ffff8fea000 	C:\WINDOWS\System32\GDI32.dll
0x00007ffff7c00000 - 0x00007ffff7d0b000 	C:\WINDOWS\System32\gdi32full.dll
0x00007ffff6470000 - 0x00007ffff670a000 	C:\WINDOWS\WinSxS\amd64_microsoft.windows.common-controls_6595b64144ccf1df_6.0.19041.1110_none_60b5254171f9507e\COMCTL32.dll
0x00007ffff7b30000 - 0x00007ffff7bcd000 	C:\WINDOWS\System32\msvcp_win.dll
0x00007fffebf00000 - 0x00007fffebf0a000 	C:\WINDOWS\SYSTEM32\VERSION.dll
0x00007ffff9a90000 - 0x00007ffff9ac0000 	C:\WINDOWS\System32\IMM32.DLL
0x00007ffff4660000 - 0x00007ffff466c000 	C:\Program Files\Java\jdk-15.0.2\bin\vcruntime140_1.dll
0x00007ffff45c0000 - 0x00007ffff4651000 	C:\Program Files\Java\jdk-15.0.2\bin\msvcp140.dll
0x00007fffc1a60000 - 0x00007fffc25be000 	C:\Program Files\Java\jdk-15.0.2\bin\server\jvm.dll
0x00007ffff9350000 - 0x00007ffff9358000 	C:\WINDOWS\System32\PSAPI.DLL
0x00007ffff45b0000 - 0x00007ffff45b9000 	C:\WINDOWS\SYSTEM32\WSOCK32.dll
0x00007ffff9ac0000 - 0x00007ffff9b2b000 	C:\WINDOWS\System32\WS2_32.dll
0x00007fffdec70000 - 0x00007fffdec97000 	C:\WINDOWS\SYSTEM32\WINMM.dll
0x00007ffff4e80000 - 0x00007ffff4e92000 	C:\WINDOWS\SYSTEM32\kernel.appcore.dll
0x00007ffff45a0000 - 0x00007ffff45aa000 	C:\Program Files\Java\jdk-15.0.2\bin\jimage.dll
0x00007ffff6d60000 - 0x00007ffff6f44000 	C:\WINDOWS\SYSTEM32\DBGHELP.DLL
0x00007ffff6d30000 - 0x00007ffff6d5c000 	C:\WINDOWS\SYSTEM32\dbgcore.DLL
0x00007ffff73d0000 - 0x00007ffff7452000 	C:\WINDOWS\System32\bcryptPrimitives.dll
0x00007ffff4570000 - 0x00007ffff4595000 	C:\Program Files\Java\jdk-15.0.2\bin\java.dll
0x00007ffff81a0000 - 0x00007ffff88e4000 	C:\WINDOWS\System32\SHELL32.dll
0x00007ffff4ea0000 - 0x00007ffff5634000 	C:\WINDOWS\SYSTEM32\windows.storage.dll
0x00007ffff8ff0000 - 0x00007ffff9344000 	C:\WINDOWS\System32\combase.dll
0x00007ffff69f0000 - 0x00007ffff6a1c000 	C:\WINDOWS\SYSTEM32\Wldp.dll
0x00007ffff8e50000 - 0x00007ffff8efd000 	C:\WINDOWS\System32\SHCORE.dll
0x00007ffff9c10000 - 0x00007ffff9c65000 	C:\WINDOWS\System32\shlwapi.dll
0x00007ffff7310000 - 0x00007ffff732f000 	C:\WINDOWS\SYSTEM32\profapi.dll
0x00007ffff4550000 - 0x00007ffff4569000 	C:\Program Files\Java\jdk-15.0.2\bin\net.dll
0x00007fffe7270000 - 0x00007fffe737a000 	C:\WINDOWS\SYSTEM32\WINHTTP.dll
0x00007ffff6770000 - 0x00007ffff67da000 	C:\WINDOWS\system32\mswsock.dll
0x00007ffff4530000 - 0x00007ffff4542000 	C:\Program Files\Java\jdk-15.0.2\bin\nio.dll
0x00007ffff4510000 - 0x00007ffff4528000 	C:\Program Files\Java\jdk-15.0.2\bin\zip.dll
0x00007fffc18e0000 - 0x00007fffc1a60000 	C:\Program Files\Java\jdk-15.0.2\bin\awt.dll
0x00007ffff8d80000 - 0x00007ffff8e4d000 	C:\WINDOWS\System32\OLEAUT32.dll
0x00007ffff3e80000 - 0x00007ffff3f10000 	C:\WINDOWS\SYSTEM32\apphelp.dll
0x00007ffff47e0000 - 0x00007ffff480f000 	C:\WINDOWS\system32\DWMAPI.DLL
0x00007ffff3fe0000 - 0x00007ffff407e000 	C:\WINDOWS\system32\uxtheme.dll
0x00007fffcb2a0000 - 0x00007fffcb3c6000 	C:\WINDOWS\system32\opengl32.dll
0x00007fffcab70000 - 0x00007fffcab9c000 	C:\WINDOWS\SYSTEM32\GLU32.dll
0x00007ffff97d0000 - 0x00007ffff98e5000 	C:\WINDOWS\System32\MSCTF.dll
0x00007ffff88f0000 - 0x00007ffff8a1a000 	C:\WINDOWS\System32\ole32.dll
0x00007ffff4230000 - 0x00007ffff425d000 	C:\Program Files\Java\jdk-15.0.2\bin\javajpeg.dll
0x00007ffff4500000 - 0x00007ffff4510000 	C:\Program Files\Java\jdk-15.0.2\bin\verify.dll
0x00007ffff70f0000 - 0x00007ffff7108000 	C:\WINDOWS\SYSTEM32\CRYPTSP.dll
0x00007ffff5df0000 - 0x00007ffff5e24000 	C:\WINDOWS\system32\rsaenh.dll
0x00007ffff7bd0000 - 0x00007ffff7bf7000 	C:\WINDOWS\System32\bcrypt.dll
0x00007ffff72d0000 - 0x00007ffff72fe000 	C:\WINDOWS\SYSTEM32\USERENV.dll
0x00007ffff6960000 - 0x00007ffff696c000 	C:\WINDOWS\SYSTEM32\CRYPTBASE.dll
0x00007ffff6140000 - 0x00007ffff617b000 	C:\WINDOWS\SYSTEM32\IPHLPAPI.DLL
0x00007ffff8190000 - 0x00007ffff8198000 	C:\WINDOWS\System32\NSI.dll
0x00007fffe7e50000 - 0x00007fffe7e67000 	C:\WINDOWS\SYSTEM32\dhcpcsvc6.DLL
0x00007fffe8350000 - 0x00007fffe836d000 	C:\WINDOWS\SYSTEM32\dhcpcsvc.DLL
0x00007ffff6180000 - 0x00007ffff624b000 	C:\WINDOWS\SYSTEM32\DNSAPI.dll
0x00007ffff4140000 - 0x00007ffff4169000 	C:\Users\Deepak\AppData\Local\Temp\BridJExtractedLibraries865320801712252693\bridj.dll
0x00007ffff2150000 - 0x00007ffff2186000 	C:\Users\Deepak\AppData\Local\Temp\BridJExtractedLibraries865320801712252693\OpenIMAJGrabber.dll
0x00007ffff7f30000 - 0x00007ffff7fd9000 	C:\WINDOWS\System32\clbcatq.dll
0x00007ffff42b0000 - 0x00007ffff42cd000 	C:\Windows\System32\devenum.dll
0x00007ffff7930000 - 0x00007ffff797e000 	C:\WINDOWS\System32\CFGMGR32.dll
0x00007ffff9360000 - 0x00007ffff97ca000 	C:\WINDOWS\System32\setupapi.dll
0x00007ffff70b0000 - 0x00007ffff70e3000 	C:\WINDOWS\SYSTEM32\ntmarta.dll
0x00007ffff7130000 - 0x00007ffff715c000 	C:\WINDOWS\SYSTEM32\DEVOBJ.dll
0x00007ffff7460000 - 0x00007ffff74c8000 	C:\WINDOWS\System32\WINTRUST.dll
0x00007ffff77a0000 - 0x00007ffff78f6000 	C:\WINDOWS\System32\CRYPT32.dll
0x00007ffff6b70000 - 0x00007ffff6b82000 	C:\WINDOWS\SYSTEM32\MSASN1.dll
0x00007ffff2040000 - 0x00007ffff204b000 	C:\WINDOWS\SYSTEM32\msdmo.dll
0x00007ffff2050000 - 0x00007ffff2086000 	C:\Windows\System32\qcap.dll
0x00007fffd26f0000 - 0x00007fffd28c0000 	C:\Windows\System32\quartz.dll
0x00007fffe71b0000 - 0x00007fffe71fd000 	C:\Windows\System32\mfksproxy.dll
0x00007ffff41a0000 - 0x00007ffff41bd000 	C:\Windows\System32\ATL.DLL
0x00007fffc25c0000 - 0x00007fffc277c000 	C:\Windows\System32\MFPlat.DLL
0x00007fffc2db0000 - 0x00007fffc2de5000 	C:\Windows\System32\RTWorkQ.DLL
0x00007fffdcf90000 - 0x00007fffdcff7000 	C:\Windows\System32\MFSENSORGROUP.dll
0x00007fffd46c0000 - 0x00007fffd4710000 	C:\Windows\System32\ksproxy.ax
0x00007fff9aa40000 - 0x00007fff9ac0f000 	C:\Windows\System32\d3d9.dll
0x00007ffff4700000 - 0x00007ffff4709000 	C:\Windows\System32\ksuser.dll
0x00007ffff1740000 - 0x00007ffff17e0000 	C:\WINDOWS\SYSTEM32\policymanager.dll
0x00007ffff5e80000 - 0x00007ffff5f0a000 	C:\Windows\System32\msvcp110_win.dll
0x00007ffff4300000 - 0x00007ffff430d000 	C:\Windows\System32\vidcap.ax
0x00007ffff4110000 - 0x00007ffff4137000 	C:\Windows\System32\kswdmcap.ax
0x00007fffc5360000 - 0x00007fffc54cc000 	C:\Windows\System32\MFC42.dll
0x00007fffc8ca0000 - 0x00007fffc8d48000 	C:\Windows\System32\qedit.dll
0x00007ffff7e40000 - 0x00007ffff7f1b000 	C:\WINDOWS\System32\COMDLG32.dll
0x00007ffff0b00000 - 0x00007ffff0b2b000 	C:\Windows\System32\MSVFW32.dll
0x00007fffc46a0000 - 0x00007fffc4845000 	C:\WINDOWS\WinSxS\amd64_microsoft.windows.gdiplus_6595b64144ccf1df_1.1.19041.1645_none_91a2a668cc89980b\gdiplus.dll
0x00007fffc5260000 - 0x00007fffc535b000 	C:\Windows\System32\DDRAW.dll
0x00007ffff56a0000 - 0x00007ffff5793000 	C:\Windows\System32\dxgi.dll
0x00007ffff2140000 - 0x00007ffff2149000 	C:\Windows\System32\DCIMAN32.dll
0x00007fffeda20000 - 0x00007fffeda5b000 	C:\WINDOWS\SYSTEM32\dxcore.dll
0x00007fffdff60000 - 0x00007fffdff86000 	C:\WINDOWS\SYSTEM32\WINMMBASE.dll
0x00007fffef610000 - 0x00007fffef61c000 	C:\WINDOWS\SYSTEM32\msyuv.dll
0x00007fffe83e0000 - 0x00007fffe841f000 	C:\Windows\System32\CapabilityAccessManagerClient.dll
0x00007fffd2620000 - 0x00007fffd26a5000 	C:\Program Files\Java\jdk-15.0.2\bin\freetype.dll
0x00007fffc4d60000 - 0x00007fffc4e09000 	C:\Program Files\Java\jdk-15.0.2\bin\fontmanager.dll
0x00007ffff1580000 - 0x00007ffff1734000 	C:\WINDOWS\SYSTEM32\WindowsCodecs.dll
0x00007fffe30d0000 - 0x00007fffe310e000 	C:\WINDOWS\system32\dataexchange.dll
0x00007ffff2930000 - 0x00007ffff2b94000 	C:\WINDOWS\system32\d3d11.dll
0x00007ffff32a0000 - 0x00007ffff3485000 	C:\WINDOWS\system32\dcomp.dll
0x00007ffff0f00000 - 0x00007ffff1101000 	C:\WINDOWS\system32\twinapi.appcore.dll
0x00007fffe5cc0000 - 0x00007fffe5db9000 	C:\WINDOWS\SYSTEM32\textinputframework.dll
0x00007ffff3b70000 - 0x00007ffff3c62000 	C:\WINDOWS\System32\CoreMessaging.dll
0x00007ffff3490000 - 0x00007ffff37ee000 	C:\WINDOWS\System32\CoreUIComponents.dll
0x00007ffff2370000 - 0x00007ffff24c4000 	C:\WINDOWS\SYSTEM32\wintypes.dll

dbghelp: loaded successfully - version: 4.0.5 - missing functions: none
symbol engine: initialized successfully - sym options: 0x614 - pdb path: .;C:\Program Files\Java\jdk-15.0.2\bin;C:\WINDOWS\SYSTEM32;C:\WINDOWS\WinSxS\amd64_microsoft.windows.common-controls_6595b64144ccf1df_6.0.19041.1110_none_60b5254171f9507e;C:\Program Files\Java\jdk-15.0.2\bin\server;C:\Users\Deepak\AppData\Local\Temp\BridJExtractedLibraries865320801712252693;C:\WINDOWS\WinSxS\amd64_microsoft.windows.gdiplus_6595b64144ccf1df_1.1.19041.1645_none_91a2a668cc89980b

VM Arguments:
jvm_args: -Dfile.encoding=Cp1252 -XX:+ShowCodeDetailsInExceptionMessages 
java_command: Visitor.management.system.AddVisitor
java_class_path (initial): D:\Deepak Backup\Internal\Studies\BTECH\Project\Visitor management system\Visitor management system\bin;D:\Deepak Backup\Internal\Studies\BTECH\Project\Visitor management system\Visitor management system\src\Visitor\management\system\Jar\bridj-0.6.2.jar;D:\Deepak Backup\Internal\Studies\BTECH\Project\Visitor management system\Visitor management system\src\Visitor\management\system\Jar\slf4j-api-1.7.21.jar;D:\Deepak Backup\Internal\Studies\BTECH\Project\Visitor management system\Visitor management system\src\Visitor\management\system\Jar\webcam-capture-0.3.12.jar;D:\Deepak Backup\Internal\Studies\BTECH\Project\Visitor management system\Visitor management system\src\Visitor\management\system\Jar\logback-core-1.1.3.jar;D:\Deepak Backup\Internal\Studies\BTECH\Project\Visitor management system\Visitor management system\src\Visitor\management\system\Jar\logback-classic-1.1.3.jar;D:\Deepak Backup\Internal\Studies\BTECH\Project\Visitor management system\Visitor management system\src\Visitor\management\system\Jar\JImage_.jar;D:\Deepak Backup\Internal\Studies\BTECH\Project\Visitor management system\Visitor management system\src\Visitor\management\system\Jar\mysql-connector-java-8.0.27.zip;C:\Users\Deepak\OneDrive\Desktop\Shortcut\mysql-connector-java-8.0.27\mysql-connector-java-8.0.27\mysql-connector-java-8.0.27.jar
Launcher Type: SUN_STANDARD

[Global flags]
     intx CICompilerCount                          = 3                                         {product} {ergonomic}
     uint ConcGCThreads                            = 1                                         {product} {ergonomic}
     uint G1ConcRefinementThreads                  = 4                                         {product} {ergonomic}
   size_t G1HeapRegionSize                         = 1048576                                   {product} {ergonomic}
    uintx GCDrainStackTargetSize                   = 64                                        {product} {ergonomic}
   size_t InitialHeapSize                          = 67108864                                  {product} {ergonomic}
   size_t MarkStackSize                            = 4194304                                   {product} {ergonomic}
   size_t MaxHeapSize                              = 1050673152                                {product} {ergonomic}
   size_t MaxNewSize                               = 630194176                                 {product} {ergonomic}
   size_t MinHeapDeltaBytes                        = 1048576                                   {product} {ergonomic}
   size_t MinHeapSize                              = 8388608                                   {product} {ergonomic}
    uintx NonNMethodCodeHeapSize                   = 5832780                                {pd product} {ergonomic}
    uintx NonProfiledCodeHeapSize                  = 122912730                              {pd product} {ergonomic}
    uintx ProfiledCodeHeapSize                     = 122912730                              {pd product} {ergonomic}
    uintx ReservedCodeCacheSize                    = 251658240                              {pd product} {ergonomic}
     bool SegmentedCodeCache                       = true                                      {product} {ergonomic}
     bool ShowCodeDetailsInExceptionMessages       = true                                   {manageable} {command line}
   size_t SoftMaxHeapSize                          = 1050673152                             {manageable} {ergonomic}
     bool UseCompressedClassPointers               = true                                 {lp64_product} {ergonomic}
     bool UseCompressedOops                        = true                                 {lp64_product} {ergonomic}
     bool UseG1GC                                  = true                                      {product} {ergonomic}
     bool UseLargePagesIndividualAllocation        = false                                  {pd product} {ergonomic}

Logging:
Log output configuration:
 #0: stdout all=warning uptime,level,tags
 #1: stderr all=off uptime,level,tags

Environment Variables:
PATH=C:\Program Files\Python310\Scripts\;C:\Program Files\Python310\;C:\Program Files\Common Files\Oracle\Java\javapath;C:\oraclexe\app\oracle\product\10.2.0\server\bin;C:\WINDOWS\system32;C:\WINDOWS;C:\WINDOWS\System32\Wbem;C:\WINDOWS\System32\WindowsPowerShell\v1.0\;C:\WINDOWS\System32\OpenSSH\;C:\Program Files\MATLAB\R2017a\runtime\win64;C:\Program Files\MATLAB\R2017a\bin;C:\Program Files (x86)\GnuWin32\bin;C:\MinGW\bin;C:\Program Files\MySQL\MySQL Shell 8.0\bin\;C:\Users\Deepak\AppData\Local\Microsoft\WindowsApps;C:\MinGW\bin;
USERNAME=Deepak
OS=Windows_NT
PROCESSOR_IDENTIFIER=Intel64 Family 6 Model 142 Stepping 9, GenuineIntel



---------------  S Y S T E M  ---------------

OS:
 Windows 10 , 64 bit Build 19041 (10.0.19041.1645)
OS uptime: 0 days 2:41 hours

CPU: total 4 (initial active 4) (2 cores per cpu, 2 threads per core) family 6 model 142 stepping 9 microcode 0xde, cmov, cx8, fxsr, mmx, sse, sse2, sse3, ssse3, sse4.1, sse4.2, popcnt, vzeroupper, avx, avx2, aes, clmul, erms, 3dnowpref, lzcnt, ht, tsc, tscinvbit, bmi1, bmi2, adx, fma, clflush, clflushopt

Memory: 4k page, system-wide physical 4007M (551M free)
TotalPageFile size 11958M (AvailPageFile size 3133M)
current process WorkingSet (physical memory assigned to process): 128M, peak: 142M
current process commit charge ("private bytes"): 168M, peak: 184M

vm_info: Java HotSpot(TM) 64-Bit Server VM (15.0.2+7-27) for windows-amd64 JRE (15.0.2+7-27), built on Dec  7 2020 20:07:01 by "mach5one" with unknown MS VC++:1925

END.
